<?xml version="1.0" encoding="UTF-8"?>
<!-- Generated by org.testng.reporters.JUnitReportReporter -->
<testsuite hostname="Santosh" failures="0" tests="2" name="com.erail.testscripts.HRMTestScript" time="36.923" errors="0" timestamp="2025-01-14T22:01:06 IST" skipped="0">
  <testcase classname="com.erail.testscripts.HRMTestScript" name="HRMTest" time="12.340"/>
  <testcase classname="com.erail.testscripts.HRMTestScript" name="HRMTest" time="24.583"/>
</testsuite> <!-- com.erail.testscripts.HRMTestScript -->
