<?xml version="1.0" encoding="UTF-8"?>
<!-- Generated by org.testng.reporters.JUnitReportReporter -->
<testsuite hostname="Santosh" failures="0" tests="1" name="com.erail.testscripts.ErailTestScript" time="98.853" errors="0" timestamp="2025-01-21T11:01:51 IST" skipped="0">
  <testcase classname="com.erail.testscripts.ErailTestScript" name="ErailTest" time="98.853"/>
</testsuite> <!-- com.erail.testscripts.ErailTestScript -->
